#
# A fatal error has been detected by the Java Runtime Environment:
#
#  Internal Error (classFileParser.cpp:3494), pid=11552, tid=11704
#  Error: ShouldNotReachHere()
#
# JRE version: 6.0_37-b06
# Java VM: Java HotSpot(TM) Client VM (20.12-b01 mixed mode windows-x86 )
# If you would like to submit a bug report, please visit:
#   http://java.sun.com/webapps/bugreport/crash.jsp
#

---------------  T H R E A D  ---------------

Current thread (0x02469800):  JavaThread "Unknown thread" [_thread_in_vm, id=11704, stack(0x00250000,0x002a0000)]

Stack: [0x00250000,0x002a0000],  sp=0x0029f86c,  free space=318k
Native frames: (J=compiled Java code, j=interpreted, Vv=VM code, C=native code)
V  [jvm.dll+0x13471a]
V  [jvm.dll+0x12f20b]
V  [jvm.dll+0x167de]
V  [jvm.dll+0x1802f]
V  [jvm.dll+0x275a5]
V  [jvm.dll+0x27de6]
V  [jvm.dll+0x28195]
V  [jvm.dll+0x28229]
V  [jvm.dll+0x282ec]
V  [jvm.dll+0x2836a]
V  [jvm.dll+0x2844d]
V  [jvm.dll+0x28719]
V  [jvm.dll+0x6ce03]
V  [jvm.dll+0x6d1dc]
V  [jvm.dll+0xfa6dc]
V  [jvm.dll+0x11902b]
V  [jvm.dll+0x9f4e0]
C  [javaw.exe+0x1657]
C  [javaw.exe+0x1e2c]
C  [javaw.exe+0x8614]
C  [kernel32.dll+0x1336a]  BaseThreadInitThunk+0x12
C  [ntdll.dll+0x39f72]  RtlInitializeExceptionChain+0x63
C  [ntdll.dll+0x39f45]  RtlInitializeExceptionChain+0x36


---------------  P R O C E S S  ---------------

Java Threads: ( => current thread )

Other Threads:

=>0x02469800 (exited) JavaThread "Unknown thread" [_thread_in_vm, id=11704, stack(0x00250000,0x002a0000)]

VM state:not at safepoint (not fully initialized)

VM Mutex/Monitor currently owned by a thread: None

Dynamic libraries:
0x00400000 - 0x00425000 	C:\Program Files (x86)\Java\jre6\bin\javaw.exe
0x77930000 - 0x77ab0000 	C:\Windows\SysWOW64\ntdll.dll
0x77420000 - 0x77530000 	C:\Windows\syswow64\kernel32.dll
0x75470000 - 0x754b7000 	C:\Windows\syswow64\KERNELBASE.dll
0x75e50000 - 0x75ef0000 	C:\Windows\syswow64\ADVAPI32.dll
0x76680000 - 0x7672c000 	C:\Windows\syswow64\msvcrt.dll
0x76090000 - 0x760a9000 	C:\Windows\SysWOW64\sechost.dll
0x75d60000 - 0x75e50000 	C:\Windows\syswow64\RPCRT4.dll
0x75380000 - 0x753e0000 	C:\Windows\syswow64\SspiCli.dll
0x75370000 - 0x7537c000 	C:\Windows\syswow64\CRYPTBASE.dll
0x76370000 - 0x76470000 	C:\Windows\syswow64\USER32.dll
0x760d0000 - 0x76160000 	C:\Windows\syswow64\GDI32.dll
0x760b0000 - 0x760ba000 	C:\Windows\syswow64\LPK.dll
0x76730000 - 0x767cd000 	C:\Windows\syswow64\USP10.dll
0x75410000 - 0x75470000 	C:\Windows\system32\IMM32.DLL
0x75710000 - 0x757dc000 	C:\Windows\syswow64\MSCTF.dll
0x74ea0000 - 0x74ebc000 	C:\Windows\SysWOW64\nvinit.dll
0x7c340000 - 0x7c396000 	C:\Program Files (x86)\Java\jre6\bin\msvcr71.dll
0x6d7f0000 - 0x6daa0000 	C:\Program Files (x86)\Java\jre6\bin\client\jvm.dll
0x749d0000 - 0x74a02000 	C:\Windows\system32\WINMM.dll
0x74af0000 - 0x74b3c000 	C:\Windows\system32\apphelp.dll
0x6d7a0000 - 0x6d7ac000 	C:\Program Files (x86)\Java\jre6\bin\verify.dll
0x6d320000 - 0x6d33f000 	C:\Program Files (x86)\Java\jre6\bin\java.dll
0x6d7e0000 - 0x6d7ef000 	C:\Program Files (x86)\Java\jre6\bin\zip.dll
0x76640000 - 0x76645000 	C:\Windows\system32\PSAPI.DLL

VM Arguments:
jvm_args: -Dfile.encoding=Cp1252 -Xbootclasspath:C:\Program Files (x86)\Android\android-sdk\platforms\android-17\android.jar 
java_command: org.cornell.cs5454.lab2.widgets.FeatureExtraction
Launcher Type: SUN_STANDARD

Environment Variables:
JAVA_HOME=C:\Program Files\Java\jdk1.7.0_02
CLASSPATH=.;C:\Program Files (x86)\Java\jre6\lib\ext\QTJava.zip
PATH=C:/Program Files (x86)/Java/jre7/bin/client;C:/Program Files (x86)/Java/jre7/bin;C:/Program Files (x86)/Java/jre7/lib/i386;C:\Windows\system32;C:\Windows;C:\Windows\System32\Wbem;C:\Windows\System32\WindowsPowerShell\v1.0\;C:\Program Files\Trend Micro\AMSP;C:\Program Files\Intel\WiFi\bin\;C:\Program Files\Common Files\Intel\WirelessCommon\;C:\Program Files\WIDCOMM\Bluetooth Software\;C:\Program Files\WIDCOMM\Bluetooth Software\syswow64;C:\Program Files (x86)\Microsoft SQL Server\100\Tools\Binn\;C:\Program Files\Microsoft SQL Server\100\Tools\Binn\;C:\Program Files\Microsoft SQL Server\100\DTS\Binn\;C:\Python27;C:\php;C:\MinGw\bin;C:\Program Files\Java\jdk1.7.0_02\bin;C:\Program Files (x86)\QuickTime\QTSystem\;C:\Program Files (x86)\MiKTeX 2.9\miktex\bin\;C:\Python27\Scripts;C:\Users\Andrew Li\bin;C:\Program Files (x86)\Subversion\bin;C:\Users\Andrew Li\apache-ant-1.9.2/bin;C:\Program Files (x86)\Android\android-sdk\platform-tools;C:\Users\Andrew Li\Documents\eclipse-jee-indigo-SR2-win32\eclipse;
USERNAME=Andrew Li
OS=Windows_NT
PROCESSOR_IDENTIFIER=Intel64 Family 6 Model 37 Stepping 5, GenuineIntel



---------------  S Y S T E M  ---------------

OS: Windows 7 , 64 bit Build 7601 Service Pack 1

CPU:total 4 (2 cores per cpu, 2 threads per core) family 6 model 37 stepping 5, cmov, cx8, fxsr, mmx, sse, sse2, sse3, ssse3, sse4.1, sse4.2, popcnt, ht

Memory: 4k page, physical 3986568k(849520k free), swap 8167884k(1926644k free)

vm_info: Java HotSpot(TM) Client VM (20.12-b01) for windows-x86 JRE (1.6.0_37-b06), built on Sep 24 2012 12:44:35 by "java_re" with MS VC++ 7.1 (VS2003)

time: Sun Oct 06 23:48:43 2013
elapsed time: 0 seconds

